# JRE version: OpenJDK Runtime Environment (8.0_152-b06) (build 1.8.0_152-release-1136-b06)
# Java VM: OpenJDK 64-Bit Server VM (25.152-b06 mixed mode windows-amd64 compressed oops)
Heap:
 PSYoungGen      total 194560K, used 59748K [0x00000000e0000000, 0x00000000f1d80000, 0x0000000100000000)
  eden space 175104K, 23% used [0x00000000e0000000,0x00000000e2759780,0x00000000eab00000)
  from space 19456K, 99% used [0x00000000eab00000,0x00000000ebdffc28,0x00000000ebe00000)
  to   space 25088K, 0% used [0x00000000f0500000,0x00000000f0500000,0x00000000f1d80000)
 ParOldGen       total 124928K, used 39226K [0x00000000a0000000, 0x00000000a7a00000, 0x00000000e0000000)
  object space 124928K, 31% used [0x00000000a0000000,0x00000000a264eba0,0x00000000a7a00000)
 Metaspace       used 69262K, capacity 71660K, committed 71768K, reserved 1112064K
  class space    used 9156K, capacity 9748K, committed 9856K, reserved 1048576K
GC Heap History (10 events):
Event: 22.374 GC heap before
{Heap before GC invocations=14 (full 2):
 PSYoungGen      total 105984K, used 105964K [0x00000000e0000000, 0x00000000e9500000, 0x0000000100000000)
  eden space 93696K, 100% used [0x00000000e0000000,0x00000000e5b80000,0x00000000e5b80000)
  from space 12288K, 99% used [0x00000000e5b80000,0x00000000e677b068,0x00000000e6780000)
  to   space 14848K, 0% used [0x00000000e8680000,0x00000000e8680000,0x00000000e9500000)
 ParOldGen       total 99840K, used 20737K [0x00000000a0000000, 0x00000000a6180000, 0x00000000e0000000)
  object space 99840K, 20% used [0x00000000a0000000,0x00000000a14406c8,0x00000000a6180000)
 Metaspace       used 57107K, capacity 58844K, committed 59028K, reserved 1099776K
  class space    used 7695K, capacity 8178K, committed 8192K, reserved 1048576K
Event: 22.403 GC heap after
Heap after GC invocations=14 (full 2):
 PSYoungGen      total 134144K, used 14845K [0x00000000e0000000, 0x00000000e9b80000, 0x0000000100000000)
  eden space 119296K, 0% used [0x00000000e0000000,0x00000000e0000000,0x00000000e7480000)
  from space 14848K, 99% used [0x00000000e8680000,0x00000000e94ff520,0x00000000e9500000)
  to   space 18432K, 0% used [0x00000000e7480000,0x00000000e7480000,0x00000000e8680000)
 ParOldGen       total 99840K, used 25515K [0x00000000a0000000, 0x00000000a6180000, 0x00000000e0000000)
  object space 99840K, 25% used [0x00000000a0000000,0x00000000a18eafa0,0x00000000a6180000)
 Metaspace       used 57107K, capacity 58844K, committed 59028K, reserved 1099776K
  class space    used 7695K, capacity 8178K, committed 8192K, reserved 1048576K
}
Event: 22.469 GC heap before
{Heap before GC invocations=15 (full 2):
 PSYoungGen      total 134144K, used 20094K [0x00000000e0000000, 0x00000000e9b80000, 0x0000000100000000)
  eden space 119296K, 4% used [0x00000000e0000000,0x00000000e0520578,0x00000000e7480000)
  from space 14848K, 99% used [0x00000000e8680000,0x00000000e94ff520,0x00000000e9500000)
  to   space 18432K, 0% used [0x00000000e7480000,0x00000000e7480000,0x00000000e8680000)
 ParOldGen       total 99840K, used 25515K [0x00000000a0000000, 0x00000000a6180000, 0x00000000e0000000)
  object space 99840K, 25% used [0x00000000a0000000,0x00000000a18eafa0,0x00000000a6180000)
 Metaspace       used 57273K, capacity 59004K, committed 59028K, reserved 1099776K
  class space    used 7718K, capacity 8184K, committed 8192K, reserved 1048576K
Event: 22.493 GC heap after
Heap after GC invocations=15 (full 2):
 PSYoungGen      total 137728K, used 15133K [0x00000000e0000000, 0x00000000ed880000, 0x0000000100000000)
  eden space 119296K, 0% used [0x00000000e0000000,0x00000000e0000000,0x00000000e7480000)
  from space 18432K, 82% used [0x00000000e7480000,0x00000000e8347520,0x00000000e8680000)
  to   space 19968K, 0% used [0x00000000ec500000,0x00000000ec500000,0x00000000ed880000)
 ParOldGen       total 99840K, used 25523K [0x00000000a0000000, 0x00000000a6180000, 0x00000000e0000000)
  object space 99840K, 25% used [0x00000000a0000000,0x00000000a18ecfa0,0x00000000a6180000)
 Metaspace       used 57273K, capacity 59004K, committed 59028K, reserved 1099776K
  class space    used 7718K, capacity 8184K, committed 8192K, reserved 1048576K
}
Event: 22.493 GC heap before
{Heap before GC invocations=16 (full 3):
 PSYoungGen      total 137728K, used 15133K [0x00000000e0000000, 0x00000000ed880000, 0x0000000100000000)
  eden space 119296K, 0% used [0x00000000e0000000,0x00000000e0000000,0x00000000e7480000)
  from space 18432K, 82% used [0x00000000e7480000,0x00000000e8347520,0x00000000e8680000)
  to   space 19968K, 0% used [0x00000000ec500000,0x00000000ec500000,0x00000000ed880000)
 ParOldGen       total 99840K, used 25523K [0x00000000a0000000, 0x00000000a6180000, 0x00000000e0000000)
  object space 99840K, 25% used [0x00000000a0000000,0x00000000a18ecfa0,0x00000000a6180000)
 Metaspace       used 57273K, capacity 59004K, committed 59028K, reserved 1099776K
  class space    used 7718K, capacity 8184K, committed 8192K, reserved 1048576K
Event: 22.780 GC heap after
Heap after GC invocations=16 (full 3):
 PSYoungGen      total 137728K, used 0K [0x00000000e0000000, 0x00000000ed880000, 0x0000000100000000)
  eden space 119296K, 0% used [0x00000000e0000000,0x00000000e0000000,0x00000000e7480000)
  from space 18432K, 0% used [0x00000000e7480000,0x00000000e7480000,0x00000000e8680000)
  to   space 19968K, 0% used [0x00000000ec500000,0x00000000ec500000,0x00000000ed880000)
 ParOldGen       total 124928K, used 30758K [0x00000000a0000000, 0x00000000a7a00000, 0x00000000e0000000)
  object space 124928K, 24% used [0x00000000a0000000,0x00000000a1e09ba0,0x00000000a7a00000)
 Metaspace       used 57273K, capacity 59004K, committed 59028K, reserved 1099776K
  class space    used 7718K, capacity 8184K, committed 8192K, reserved 1048576K
}
Event: 24.148 GC heap before
{Heap before GC invocations=17 (full 3):
 PSYoungGen      total 137728K, used 119296K [0x00000000e0000000, 0x00000000ed880000, 0x0000000100000000)
  eden space 119296K, 100% used [0x00000000e0000000,0x00000000e7480000,0x00000000e7480000)
  from space 18432K, 0% used [0x00000000e7480000,0x00000000e7480000,0x00000000e8680000)
  to   space 19968K, 0% used [0x00000000ec500000,0x00000000ec500000,0x00000000ed880000)
 ParOldGen       total 124928K, used 30758K [0x00000000a0000000, 0x00000000a7a00000, 0x00000000e0000000)
  object space 124928K, 24% used [0x00000000a0000000,0x00000000a1e09ba0,0x00000000a7a00000)
 Metaspace       used 59555K, capacity 61382K, committed 61528K, reserved 1101824K
  class space    used 8070K, capacity 8556K, committed 8576K, reserved 1048576K
Event: 24.169 GC heap after
Heap after GC invocations=17 (full 3):
 PSYoungGen      total 184320K, used 11825K [0x00000000e0000000, 0x00000000ed100000, 0x0000000100000000)
  eden space 172032K, 0% used [0x00000000e0000000,0x00000000e0000000,0x00000000ea800000)
  from space 12288K, 96% used [0x00000000ec500000,0x00000000ed08c518,0x00000000ed100000)
  to   space 19456K, 0% used [0x00000000eab00000,0x00000000eab00000,0x00000000ebe00000)
 ParOldGen       total 124928K, used 30766K [0x00000000a0000000, 0x00000000a7a00000, 0x00000000e0000000)
  object space 124928K, 24% used [0x00000000a0000000,0x00000000a1e0bba0,0x00000000a7a00000)
 Metaspace       used 59555K, capacity 61382K, committed 61528K, reserved 1101824K
  class space    used 8070K, capacity 8556K, committed 8576K, reserved 1048576K
}
Event: 33.912 GC heap before
{Heap before GC invocations=18 (full 3):
 PSYoungGen      total 184320K, used 183857K [0x00000000e0000000, 0x00000000ed100000, 0x0000000100000000)
  eden space 172032K, 100% used [0x00000000e0000000,0x00000000ea800000,0x00000000ea800000)
  from space 12288K, 96% used [0x00000000ec500000,0x00000000ed08c518,0x00000000ed100000)
  to   space 19456K, 0% used [0x00000000eab00000,0x00000000eab00000,0x00000000ebe00000)
 ParOldGen       total 124928K, used 30766K [0x00000000a0000000, 0x00000000a7a00000, 0x00000000e0000000)
  object space 124928K, 24% used [0x00000000a0000000,0x00000000a1e0bba0,0x00000000a7a00000)
 Metaspace       used 68138K, capacity 70416K, committed 70488K, reserved 1110016K
  class space    used 8996K, capacity 9564K, committed 9600K, reserved 1048576K
Event: 33.953 GC heap after
Heap after GC invocations=18 (full 3):
 PSYoungGen      total 194560K, used 19455K [0x00000000e0000000, 0x00000000f1d80000, 0x0000000100000000)
  eden space 175104K, 0% used [0x00000000e0000000,0x00000000e0000000,0x00000000eab00000)
  from space 19456K, 99% used [0x00000000eab00000,0x00000000ebdffc28,0x00000000ebe00000)
  to   space 25088K, 0% used [0x00000000f0500000,0x00000000f0500000,0x00000000f1d80000)
 ParOldGen       total 124928K, used 39226K [0x00000000a0000000, 0x00000000a7a00000, 0x00000000e0000000)
  object space 124928K, 31% used [0x00000000a0000000,0x00000000a264eba0,0x00000000a7a00000)
 Metaspace       used 68138K, capacity 70416K, committed 70488K, reserved 1110016K
  class space    used 8996K, capacity 9564K, committed 9600K, reserved 1048576K
}

